[2025-05-21 23:14:03] [info]  Démarrage de l'application
[2025-05-21 23:14:03] [info]  Application prête
[2025-05-21 23:14:03] [info]  Création de la fenêtre principale
[2025-05-21 23:14:03] [info]  Mode développement activé
[2025-05-21 23:14:03] [info]  Création du tray...
[2025-05-21 23:14:03] [info]  Chemin de l'icône tray: /Users/adenankhachnane/Desktop/Bachelor 3/DEV DESKTOP/Electron/app_desktop_adenan_khachnane/assets/icons/tray-icon.png
[2025-05-21 23:14:45] [info]  Thème système récupéré: dark
[2025-05-21 23:14:47] [info]  Affichage du menu contextuel pour le produit: 7xKih94ay39r2ttNQr07
[2025-05-21 23:14:48] [info]  Affichage du menu contextuel pour le produit: 7xKih94ay39r2ttNQr07
[2025-05-21 23:14:48] [info]  Affichage du menu contextuel pour le produit: 90xcKkFEt0pzccEeZF1s
[2025-05-21 23:14:50] [info]  Action: Copier le produit 90xcKkFEt0pzccEeZF1s
[2025-05-21 23:16:25] [info]  Démarrage de l'application
[2025-05-21 23:16:25] [info]  Application prête
[2025-05-21 23:16:25] [info]  Création de la fenêtre principale
[2025-05-21 23:16:25] [info]  Mode développement activé
[2025-05-21 23:16:25] [info]  Création du tray...
[2025-05-21 23:16:25] [info]  Chemin de l'icône tray: /Users/adenankhachnane/Desktop/Bachelor 3/DEV DESKTOP/Electron/app_desktop_adenan_khachnane/assets/icons/tray-icon.png
[2025-05-21 23:17:28] [info]  Démarrage du processus de rendu
[2025-05-21 23:17:29] [info]  Récupération du thème système demandée
[2025-05-21 23:17:29] [info]  Thème système récupéré: dark
[2025-05-21 23:17:29] [info]  Écouteur de changement de thème ajouté
[2025-05-21 23:17:29] [info]  Écouteur de changement de thème ajouté
[2025-05-21 23:17:29] [info]  Écouteur d'action du menu contextuel ajouté
[2025-05-21 23:17:29] [info]  Écouteur d'action du menu contextuel ajouté
[2025-05-21 23:17:29] [info]  Écouteur d'action du menu contextuel ajouté
[2025-05-21 23:17:32] [info]  Démarrage du processus de rendu
[2025-05-21 23:17:32] [info]  Récupération du thème système demandée
[2025-05-21 23:17:32] [info]  Thème système récupéré: dark
[2025-05-21 23:17:32] [info]  Écouteur de changement de thème ajouté
[2025-05-21 23:17:32] [info]  Écouteur de changement de thème ajouté
[2025-05-21 23:17:32] [info]  Écouteur d'action du menu contextuel ajouté
[2025-05-21 23:17:32] [info]  Écouteur d'action du menu contextuel ajouté
[2025-05-21 23:17:32] [info]  Écouteur d'action du menu contextuel ajouté
[2025-05-21 23:17:36] [info]  Démarrage du processus de rendu
[2025-05-21 23:17:36] [info]  Récupération du thème système demandée
[2025-05-21 23:17:36] [info]  Thème système récupéré: dark
[2025-05-21 23:17:36] [info]  Écouteur de changement de thème ajouté
[2025-05-21 23:17:36] [info]  Écouteur de changement de thème ajouté
[2025-05-21 23:17:36] [info]  Écouteur d'action du menu contextuel ajouté
[2025-05-21 23:17:36] [info]  Écouteur d'action du menu contextuel ajouté
[2025-05-21 23:17:36] [info]  Écouteur d'action du menu contextuel ajouté
[2025-05-21 23:17:36] [info]  Démarrage du processus de rendu
[2025-05-21 23:17:37] [info]  Récupération du thème système demandée
[2025-05-21 23:17:37] [info]  Thème système récupéré: dark
[2025-05-21 23:17:37] [info]  Écouteur de changement de thème ajouté
[2025-05-21 23:17:37] [info]  Écouteur de changement de thème ajouté
[2025-05-21 23:17:37] [info]  Écouteur d'action du menu contextuel ajouté
[2025-05-21 23:17:37] [info]  Écouteur d'action du menu contextuel ajouté
[2025-05-21 23:17:37] [info]  Écouteur d'action du menu contextuel ajouté
[2025-05-21 23:18:25] [info]  Démarrage de l'application
[2025-05-21 23:18:25] [info]  Application prête
[2025-05-21 23:18:25] [info]  Création de la fenêtre principale
[2025-05-21 23:18:25] [info]  Mode développement activé
[2025-05-21 23:18:25] [info]  Création du tray...
[2025-05-21 23:18:25] [info]  Chemin de l'icône tray: /Users/adenankhachnane/Desktop/Bachelor 3/DEV DESKTOP/Electron/app_desktop_adenan_khachnane/assets/icons/tray-icon.png
[2025-05-21 23:18:25] [info]  Démarrage du processus de rendu
[2025-05-21 23:18:26] [info]  Récupération du thème système demandée
[2025-05-21 23:18:26] [info]  Thème système récupéré: dark
[2025-05-21 23:18:26] [info]  Écouteur de changement de thème ajouté
[2025-05-21 23:18:26] [info]  Écouteur de changement de thème ajouté
[2025-05-21 23:18:39] [info]  Écouteur d'action du menu contextuel ajouté
[2025-05-21 23:18:39] [info]  Écouteur d'action du menu contextuel ajouté
[2025-05-21 23:18:39] [info]  Écouteur d'action du menu contextuel ajouté
[2025-05-21 23:18:39] [info]  Affichage du menu contextuel demandé pour le produit: 90xcKkFEt0pzccEeZF1s
[2025-05-21 23:18:39] [info]  Affichage du menu contextuel pour le produit: 90xcKkFEt0pzccEeZF1s
[2025-05-21 23:18:40] [info]  Affichage du menu contextuel demandé pour le produit: 90xcKkFEt0pzccEeZF1s
[2025-05-21 23:18:40] [info]  Affichage du menu contextuel pour le produit: 90xcKkFEt0pzccEeZF1s
[2025-05-21 23:18:41] [info]  Affichage du menu contextuel demandé pour le produit: 7xKih94ay39r2ttNQr07
[2025-05-21 23:18:41] [info]  Affichage du menu contextuel pour le produit: 7xKih94ay39r2ttNQr07
[2025-05-21 23:18:42] [info]  Affichage du menu contextuel demandé pour le produit: fA5CqRekgwP4gCm31n46
[2025-05-21 23:18:42] [info]  Affichage du menu contextuel pour le produit: fA5CqRekgwP4gCm31n46
[2025-05-21 23:18:43] [info]  Affichage du menu contextuel demandé pour le produit: 90xcKkFEt0pzccEeZF1s
[2025-05-21 23:18:43] [info]  Affichage du menu contextuel pour le produit: 90xcKkFEt0pzccEeZF1s
[2025-05-21 23:18:52] [info]  Démarrage du processus de rendu
[2025-05-21 23:18:52] [info]  Récupération du thème système demandée
[2025-05-21 23:18:52] [info]  Thème système récupéré: dark
[2025-05-21 23:18:52] [info]  Écouteur de changement de thème ajouté
[2025-05-21 23:18:52] [info]  Écouteur de changement de thème ajouté
[2025-05-21 23:18:52] [info]  Écouteur d'action du menu contextuel ajouté
[2025-05-21 23:18:52] [info]  Écouteur d'action du menu contextuel ajouté
[2025-05-21 23:18:52] [info]  Écouteur d'action du menu contextuel ajouté
[2025-05-21 23:19:05] [info]  Démarrage du processus de rendu
[2025-05-21 23:19:06] [info]  Récupération du thème système demandée
[2025-05-21 23:19:06] [info]  Thème système récupéré: dark
[2025-05-21 23:19:06] [info]  Écouteur de changement de thème ajouté
[2025-05-21 23:19:06] [info]  Écouteur de changement de thème ajouté
[2025-05-21 23:19:06] [info]  Écouteur d'action du menu contextuel ajouté
[2025-05-21 23:19:06] [info]  Écouteur d'action du menu contextuel ajouté
[2025-05-21 23:19:06] [info]  Écouteur d'action du menu contextuel ajouté
[2025-05-21 23:19:13] [info]  Démarrage de l'application
[2025-05-21 23:19:13] [info]  Application prête
[2025-05-21 23:19:13] [info]  Création de la fenêtre principale
[2025-05-21 23:19:13] [info]  Mode développement activé
[2025-05-21 23:19:13] [info]  Création du tray...
[2025-05-21 23:19:13] [info]  Chemin de l'icône tray: /Users/adenankhachnane/Desktop/Bachelor 3/DEV DESKTOP/Electron/app_desktop_adenan_khachnane/assets/icons/tray-icon.png
[2025-05-21 23:19:13] [info]  Démarrage du processus de rendu
[2025-05-21 23:19:14] [info]  Récupération du thème système demandée
[2025-05-21 23:19:14] [info]  Thème système récupéré: dark
[2025-05-21 23:19:14] [info]  Écouteur de changement de thème ajouté
[2025-05-21 23:19:14] [info]  Écouteur de changement de thème ajouté
[2025-05-21 23:19:17] [info]  Écouteur d'action du menu contextuel ajouté
[2025-05-21 23:19:17] [info]  Écouteur d'action du menu contextuel ajouté
[2025-05-21 23:19:17] [info]  Écouteur d'action du menu contextuel ajouté
[2025-05-21 23:19:18] [info]  Affichage du menu contextuel demandé pour le produit: 90xcKkFEt0pzccEeZF1s
[2025-05-21 23:19:18] [info]  Affichage du menu contextuel pour le produit: 90xcKkFEt0pzccEeZF1s
[2025-05-21 23:19:18] [info]  Affichage du menu contextuel demandé pour le produit: 90xcKkFEt0pzccEeZF1s
[2025-05-21 23:19:18] [info]  Affichage du menu contextuel pour le produit: 90xcKkFEt0pzccEeZF1s
[2025-05-21 23:19:19] [info]  Affichage du menu contextuel demandé pour le produit: 7xKih94ay39r2ttNQr07
[2025-05-21 23:19:19] [info]  Affichage du menu contextuel pour le produit: 7xKih94ay39r2ttNQr07
[2025-05-21 23:19:21] [info]  Action: Modifier le produit 7xKih94ay39r2ttNQr07
[2025-05-21 23:19:21] [info]  Action du menu contextuel reçue: { action: 'edit', productId: '7xKih94ay39r2ttNQr07' }
[2025-05-21 23:19:21] [info]  Action du menu contextuel reçue: { action: 'edit', productId: '7xKih94ay39r2ttNQr07' }
[2025-05-21 23:19:21] [info]  Action du menu contextuel reçue: { action: 'edit', productId: '7xKih94ay39r2ttNQr07' }
[2025-05-21 23:20:15] [info]  Démarrage du processus de rendu
[2025-05-21 23:20:15] [info]  Récupération du thème système demandée
[2025-05-21 23:20:15] [info]  Thème système récupéré: dark
[2025-05-21 23:20:15] [info]  Écouteur de changement de thème ajouté
[2025-05-21 23:20:15] [info]  Écouteur de changement de thème ajouté
[2025-05-21 23:20:15] [info]  Écouteur d'action du menu contextuel ajouté
[2025-05-21 23:20:15] [info]  Écouteur d'action du menu contextuel ajouté
[2025-05-21 23:20:15] [info]  Écouteur d'action du menu contextuel ajouté
[2025-05-22 21:21:41] [info]  Démarrage de l'application
[2025-05-22 21:21:41] [info]  Application prête
[2025-05-22 21:21:41] [info]  Création de la fenêtre principale
[2025-05-22 21:21:42] [error] Promesse rejetée non gérée: Error: Failed to load image from path '/Users/adenankhachnane/Desktop/Bachelor 3/DEV DESKTOP/Electron/app_desktop_adenan_khachnane/node_modules/electron/dist/Electron.app/Contents/Resources/assets/icons/tray-icon.png'
    at createWindow (/Users/adenankhachnane/Desktop/Bachelor 3/DEV DESKTOP/Electron/app_desktop_adenan_khachnane/public/electron.js:67:12)
    at /Users/adenankhachnane/Desktop/Bachelor 3/DEV DESKTOP/Electron/app_desktop_adenan_khachnane/public/electron.js:101:5
[2025-05-22 21:23:48] [info]  Démarrage de l'application
[2025-05-22 21:23:48] [info]  Application prête
[2025-05-22 21:23:48] [info]  Création de la fenêtre principale
[2025-05-22 21:23:49] [error] Promesse rejetée non gérée: Error: Failed to load image from path '/Users/adenankhachnane/Desktop/Bachelor 3/DEV DESKTOP/Electron/app_desktop_adenan_khachnane/node_modules/electron/dist/Electron.app/Contents/Resources/assets/icons/tray-icon.png'
    at createWindow (/Users/adenankhachnane/Desktop/Bachelor 3/DEV DESKTOP/Electron/app_desktop_adenan_khachnane/public/electron.js:67:12)
    at /Users/adenankhachnane/Desktop/Bachelor 3/DEV DESKTOP/Electron/app_desktop_adenan_khachnane/public/electron.js:101:5
[2025-05-22 21:25:18] [info]  Démarrage de l'application
[2025-05-22 21:25:18] [info]  Application prête
[2025-05-22 21:25:18] [info]  Création de la fenêtre principale
[2025-05-22 21:25:18] [info]  Mode développement activé
[2025-05-22 21:25:18] [info]  Création du tray...
[2025-05-22 21:25:18] [info]  Chemin de l'icône tray: /Users/adenankhachnane/Desktop/Bachelor 3/DEV DESKTOP/Electron/app_desktop_adenan_khachnane/assets/icons/tray-icon.png
[2025-05-22 21:25:19] [info]  Démarrage du processus de rendu
[2025-05-22 21:25:20] [info]  Récupération du thème système demandée
[2025-05-22 21:25:20] [info]  Thème système récupéré: dark
[2025-05-22 21:25:20] [info]  Écouteur de changement de thème ajouté
[2025-05-22 21:25:20] [info]  Écouteur de changement de thème ajouté
[2025-05-22 21:25:28] [info]  Écouteur d'action du menu contextuel ajouté
[2025-05-22 21:25:28] [info]  Écouteur d'action du menu contextuel ajouté
[2025-05-22 21:25:28] [info]  Écouteur d'action du menu contextuel ajouté
[2025-05-22 21:25:47] [info]  Démarrage du processus de rendu
[2025-05-22 21:25:47] [info]  Récupération du thème système demandée
[2025-05-22 21:25:47] [info]  Thème système récupéré: dark
[2025-05-22 21:25:47] [info]  Écouteur de changement de thème ajouté
[2025-05-22 21:25:47] [info]  Écouteur de changement de thème ajouté
[2025-05-22 22:00:02] [info]  Démarrage de l'application
[2025-05-22 22:00:02] [info]  Application prête
[2025-05-22 22:00:02] [info]  Création de la fenêtre principale
[2025-05-22 22:00:02] [info]  Chargement de l'URL: http://localhost:3000
[2025-05-22 22:00:02] [info]  Mode développement activé
[2025-05-22 22:00:02] [info]  Création du tray...
[2025-05-22 22:00:02] [info]  Chemin de l'icône tray: /Users/adenankhachnane/Desktop/Bachelor 3/DEV DESKTOP/Electron/app_desktop_adenan_khachnane/assets/icons/tray-icon.png
[2025-05-22 22:01:23] [info]  Démarrage de l'application
[2025-05-22 22:01:23] [info]  Application prête
[2025-05-22 22:01:23] [info]  Création de la fenêtre principale
[2025-05-22 22:01:23] [info]  Chargement de l'URL: http://localhost:3000
[2025-05-22 22:01:23] [info]  Mode développement activé
[2025-05-22 22:01:23] [info]  Création du tray...
[2025-05-22 22:01:23] [info]  Chemin de l'icône tray: /Users/adenankhachnane/Desktop/Bachelor 3/DEV DESKTOP/Electron/app_desktop_adenan_khachnane/assets/icons/tray-icon.png
[2025-05-22 23:38:21] [info]  Démarrage de l'application
[2025-05-22 23:38:21] [info]  Application prête
[2025-05-22 23:38:21] [info]  Création de la fenêtre principale
[2025-05-22 23:38:21] [info]  Mode développement activé
[2025-05-22 23:38:21] [info]  Création du tray...
[2025-05-22 23:38:21] [info]  Chemin de l'icône tray: /Users/adenankhachnane/Desktop/Bachelor 3/DEV DESKTOP/Electron/app_desktop_adenan_khachnane/assets/icons/tray-icon.png
[2025-05-22 23:38:22] [info]  Démarrage du processus de rendu
[2025-05-22 23:38:23] [info]  Récupération du thème système demandée
[2025-05-22 23:38:23] [info]  Thème système récupéré: dark
[2025-05-22 23:38:23] [info]  Écouteur de changement de thème ajouté
[2025-05-22 23:38:23] [info]  Écouteur de changement de thème ajouté
[2025-05-22 23:38:35] [info]  Écouteur d'action du menu contextuel ajouté
[2025-05-22 23:38:35] [info]  Écouteur d'action du menu contextuel ajouté
[2025-05-22 23:38:35] [info]  Écouteur d'action du menu contextuel ajouté
[2025-05-22 23:38:36] [info]  Changement de thème demandé: light
[2025-05-22 23:38:36] [info]  Changement de thème: light
[2025-05-22 23:38:36] [info]  Écouteur de changement de thème ajouté
[2025-05-22 23:38:36] [info]  Thème changé: light
[2025-05-22 23:38:36] [info]  Thème changé: light
[2025-05-22 23:38:36] [info]  Thème changé: light
[2025-05-22 23:38:37] [info]  Changement de thème demandé: dark
[2025-05-22 23:38:37] [info]  Changement de thème: dark
[2025-05-22 23:38:37] [info]  Écouteur de changement de thème ajouté
[2025-05-22 23:38:37] [info]  Thème changé: dark
[2025-05-22 23:38:37] [info]  Thème changé: dark
[2025-05-22 23:38:37] [info]  Thème changé: dark
[2025-05-22 23:38:37] [info]  Thème changé: dark
[2025-05-22 23:38:37] [info]  Changement de thème demandé: light
[2025-05-22 23:38:37] [info]  Changement de thème: light
[2025-05-22 23:38:37] [info]  Écouteur de changement de thème ajouté
[2025-05-22 23:38:37] [info]  Thème changé: light
[2025-05-22 23:38:37] [info]  Thème changé: light
[2025-05-22 23:38:37] [info]  Thème changé: light
[2025-05-22 23:38:37] [info]  Thème changé: light
[2025-05-22 23:38:37] [info]  Thème changé: light
[2025-05-22 23:38:38] [info]  Changement de thème demandé: dark
[2025-05-22 23:38:38] [info]  Changement de thème: dark
[2025-05-22 23:38:38] [info]  Écouteur de changement de thème ajouté
[2025-05-22 23:38:38] [info]  Thème changé: dark
[2025-05-22 23:38:38] [info]  Thème changé: dark
[2025-05-22 23:38:38] [info]  Thème changé: dark
[2025-05-22 23:38:38] [info]  Thème changé: dark
[2025-05-22 23:38:38] [info]  Thème changé: dark
[2025-05-22 23:38:38] [info]  Thème changé: dark
[2025-05-22 23:44:32] [info]  Démarrage de l'application
[2025-05-22 23:44:32] [info]  Application prête
[2025-05-22 23:44:32] [info]  Création de la fenêtre principale
[2025-05-22 23:44:32] [info]  Mode développement activé
[2025-05-22 23:44:32] [info]  Création du tray...
[2025-05-22 23:44:32] [info]  Chemin de l'icône tray: /Users/adenankhachnane/Desktop/Bachelor 3/DEV DESKTOP/Electron/app_desktop_adenan_khachnane/assets/icons/tray-icon.png
[2025-05-22 23:44:33] [info]  Démarrage du processus de rendu
[2025-05-22 23:44:34] [info]  Récupération du thème système demandée
[2025-05-22 23:44:34] [info]  Thème système récupéré: dark
[2025-05-22 23:44:34] [info]  Écouteur de changement de thème ajouté
[2025-05-22 23:44:34] [info]  Écouteur de changement de thème ajouté
[2025-05-22 23:45:28] [info]  Démarrage de l'application
[2025-05-22 23:45:28] [info]  Application prête
[2025-05-22 23:45:28] [info]  Création de la fenêtre principale
[2025-05-22 23:45:28] [info]  Mode développement activé
[2025-05-22 23:45:28] [info]  Création du tray...
[2025-05-22 23:45:28] [info]  Chemin de l'icône tray: /Users/adenankhachnane/Desktop/Bachelor 3/DEV DESKTOP/Electron/app_desktop_adenan_khachnane/assets/icons/tray-icon.png
[2025-05-22 23:45:28] [info]  Démarrage du processus de rendu
[2025-05-22 23:45:29] [info]  Récupération du thème système demandée
[2025-05-22 23:45:29] [info]  Thème système récupéré: dark
[2025-05-22 23:45:29] [info]  Écouteur de changement de thème ajouté
[2025-05-22 23:45:29] [info]  Écouteur de changement de thème ajouté
[2025-05-22 23:45:31] [info]  Écouteur d'action du menu contextuel ajouté
[2025-05-22 23:45:31] [info]  Écouteur d'action du menu contextuel ajouté
[2025-05-22 23:45:31] [info]  Écouteur d'action du menu contextuel ajouté
[2025-05-22 23:45:35] [info]  Affichage du menu contextuel demandé pour le produit: 7xKih94ay39r2ttNQr07
[2025-05-22 23:45:35] [info]  Affichage du menu contextuel pour le produit: 7xKih94ay39r2ttNQr07
[2025-05-22 23:45:36] [info]  Affichage du menu contextuel demandé pour le produit: 7xKih94ay39r2ttNQr07
[2025-05-22 23:45:36] [info]  Affichage du menu contextuel pour le produit: 7xKih94ay39r2ttNQr07
[2025-05-22 23:45:36] [info]  Affichage du menu contextuel demandé pour le produit: 90xcKkFEt0pzccEeZF1s
[2025-05-22 23:45:36] [info]  Affichage du menu contextuel pour le produit: 90xcKkFEt0pzccEeZF1s
[2025-05-22 23:45:37] [info]  Affichage du menu contextuel demandé pour le produit: 7xKih94ay39r2ttNQr07
[2025-05-22 23:45:37] [info]  Affichage du menu contextuel pour le produit: 7xKih94ay39r2ttNQr07
[2025-05-22 23:45:59] [info]  Démarrage de l'application
[2025-05-22 23:45:59] [info]  Application prête
[2025-05-22 23:45:59] [info]  Création de la fenêtre principale
[2025-05-22 23:45:59] [info]  Mode développement activé
[2025-05-22 23:45:59] [info]  Création du tray...
[2025-05-22 23:45:59] [info]  Chemin de l'icône tray: /Users/adenankhachnane/Desktop/Bachelor 3/DEV DESKTOP/Electron/app_desktop_adenan_khachnane/assets/icons/tray-icon.png
[2025-05-22 23:46:00] [info]  Démarrage du processus de rendu
[2025-05-22 23:46:00] [info]  Récupération du thème système demandée
[2025-05-22 23:46:00] [info]  Thème système récupéré: dark
[2025-05-22 23:46:00] [info]  Écouteur de changement de thème ajouté
[2025-05-22 23:46:01] [info]  Écouteur de changement de thème ajouté
[2025-05-22 23:46:15] [info]  Écouteur d'action du menu contextuel ajouté
[2025-05-22 23:46:15] [info]  Écouteur d'action du menu contextuel ajouté
[2025-05-22 23:46:15] [info]  Écouteur d'action du menu contextuel ajouté
[2025-05-23 22:07:55] [info]  Démarrage de l'application
[2025-05-23 22:07:55] [info]  Application prête
[2025-05-23 22:07:55] [info]  Création de la fenêtre principale
[2025-05-23 22:07:55] [info]  Mode développement activé
[2025-05-23 22:07:55] [info]  Création du tray...
[2025-05-23 22:07:55] [info]  Chemin de l'icône tray: /Users/adenankhachnane/Desktop/Bachelor 3/DEV DESKTOP/Electron/app_desktop_adenan_khachnane/assets/icons/tray-icon.png
[2025-05-23 22:07:55] [info]  Démarrage du processus de rendu
[2025-05-23 22:07:57] [info]  Récupération du thème système demandée
[2025-05-23 22:07:57] [info]  Thème système récupéré: dark
[2025-05-23 22:07:57] [info]  Écouteur de changement de thème ajouté
[2025-05-23 22:07:57] [info]  Écouteur de changement de thème ajouté
[2025-05-23 22:08:06] [info]  Écouteur d'action du menu contextuel ajouté
[2025-05-23 22:08:06] [info]  Écouteur d'action du menu contextuel ajouté
[2025-05-23 22:08:06] [info]  Écouteur d'action du menu contextuel ajouté
[2025-05-23 22:08:26] [info]  Écouteur d'action du menu contextuel ajouté
[2025-05-23 22:08:26] [info]  Écouteur d'action du menu contextuel ajouté
[2025-05-23 22:08:26] [info]  Écouteur d'action du menu contextuel ajouté
[2025-05-23 22:09:18] [info]  Écouteur d'action du menu contextuel ajouté
[2025-05-23 22:09:19] [info]  Écouteur d'action du menu contextuel ajouté
[2025-05-23 22:09:19] [info]  Écouteur d'action du menu contextuel ajouté
[2025-05-23 22:09:19] [info]  Écouteur d'action du menu contextuel ajouté
[2025-05-23 22:09:29] [info]  Écouteur d'action du menu contextuel ajouté
[2025-05-23 22:09:29] [info]  Écouteur d'action du menu contextuel ajouté
[2025-05-23 22:09:29] [info]  Écouteur d'action du menu contextuel ajouté
[2025-05-23 22:09:31] [info]  Démarrage du processus de rendu
[2025-05-23 22:09:31] [info]  Récupération du thème système demandée
[2025-05-23 22:09:31] [info]  Thème système récupéré: dark
[2025-05-23 22:09:31] [info]  Écouteur de changement de thème ajouté
[2025-05-23 22:09:31] [info]  Écouteur de changement de thème ajouté
[2025-05-23 22:09:31] [info]  Écouteur d'action du menu contextuel ajouté
[2025-05-23 22:09:31] [info]  Écouteur d'action du menu contextuel ajouté
[2025-05-23 22:09:31] [info]  Écouteur d'action du menu contextuel ajouté
[2025-05-23 22:11:05] [info]  Fermeture de la fenêtre principale
[2025-05-23 22:11:05] [info]  Toutes les fenêtres sont fermées
[2025-06-04 10:26:00] [info]  Démarrage de l'application
[2025-06-04 10:26:00] [info]  Application prête
[2025-06-04 10:26:00] [info]  Création de la fenêtre principale
[2025-06-04 10:26:00] [info]  Mode développement activé
[2025-06-04 10:26:00] [info]  Création du tray...
[2025-06-04 10:26:00] [info]  Chemin de l'icône tray: /Users/adenankhachnane/Desktop/Bachelor 3/DEV DESKTOP/Electron/app_desktop_adenan_khachnane/assets/icons/tray-icon.png
[2025-06-04 10:26:00] [info]  Démarrage du processus de rendu
[2025-06-04 10:26:02] [info]  Récupération du thème système demandée
[2025-06-04 10:26:02] [info]  Thème système récupéré: dark
[2025-06-04 10:26:02] [info]  Écouteur de changement de thème ajouté
[2025-06-04 10:26:02] [info]  Écouteur de changement de thème ajouté
[2025-06-04 10:26:20] [info]  Écouteur d'action du menu contextuel ajouté
[2025-06-04 10:26:20] [info]  Écouteur d'action du menu contextuel ajouté
[2025-06-04 10:26:20] [info]  Écouteur d'action du menu contextuel ajouté
[2025-06-04 10:26:53] [info]  Masquage de la fenêtre depuis le tray
[2025-06-04 10:26:55] [info]  Affichage de la fenêtre depuis le tray
[2025-06-04 10:26:55] [info]  Masquage de la fenêtre depuis le tray
[2025-06-04 10:27:00] [info]  Affichage de la fenêtre depuis le tray
[2025-06-04 10:28:02] [info]  Changement de thème demandé: light
[2025-06-04 10:28:02] [info]  Changement de thème: light
[2025-06-04 10:28:02] [info]  Écouteur de changement de thème ajouté
[2025-06-04 10:28:02] [info]  Thème changé: light
[2025-06-04 10:28:02] [info]  Thème changé: light
[2025-06-04 10:28:02] [info]  Thème changé: light
[2025-06-04 10:28:04] [info]  Changement de thème demandé: dark
[2025-06-04 10:28:04] [info]  Changement de thème: dark
[2025-06-04 10:28:04] [info]  Écouteur de changement de thème ajouté
[2025-06-04 10:28:04] [info]  Thème changé: dark
[2025-06-04 10:28:04] [info]  Thème changé: dark
[2025-06-04 10:28:04] [info]  Thème changé: dark
[2025-06-04 10:28:04] [info]  Thème changé: dark
[2025-06-04 10:28:05] [info]  Changement de thème demandé: light
[2025-06-04 10:28:05] [info]  Changement de thème: light
[2025-06-04 10:28:05] [info]  Écouteur de changement de thème ajouté
[2025-06-04 10:28:05] [info]  Thème changé: light
[2025-06-04 10:28:05] [info]  Thème changé: light
[2025-06-04 10:28:05] [info]  Thème changé: light
[2025-06-04 10:28:05] [info]  Thème changé: light
[2025-06-04 10:28:05] [info]  Thème changé: light
[2025-06-04 10:28:06] [info]  Changement de thème demandé: dark
[2025-06-04 10:28:06] [info]  Changement de thème: dark
[2025-06-04 10:28:06] [info]  Écouteur de changement de thème ajouté
[2025-06-04 10:28:07] [info]  Thème changé: dark
[2025-06-04 10:28:07] [info]  Thème changé: dark
[2025-06-04 10:28:07] [info]  Thème changé: dark
[2025-06-04 10:28:07] [info]  Thème changé: dark
[2025-06-04 10:28:07] [info]  Thème changé: dark
[2025-06-04 10:28:07] [info]  Thème changé: dark
[2025-06-04 10:28:10] [info]  Écouteur d'action du menu contextuel ajouté
[2025-06-04 10:28:10] [info]  Écouteur d'action du menu contextuel ajouté
[2025-06-04 10:28:10] [info]  Écouteur d'action du menu contextuel ajouté
[2025-06-04 10:28:12] [info]  Écouteur d'action du menu contextuel ajouté
[2025-06-04 10:28:33] [info]  Écouteur d'action du menu contextuel ajouté
[2025-06-04 10:28:33] [info]  Écouteur d'action du menu contextuel ajouté
[2025-06-04 10:28:33] [info]  Écouteur d'action du menu contextuel ajouté
[2025-06-04 10:29:13] [info]  Écouteur d'action du menu contextuel ajouté
[2025-06-04 10:29:55] [info]  Fermeture de la fenêtre principale
[2025-06-04 10:29:55] [info]  Toutes les fenêtres sont fermées
[2025-06-04 10:29:59] [error] Erreur non capturée: TypeError: Cannot read properties of null (reading 'isVisible')
    at Tray.<anonymous> (/Users/adenankhachnane/Desktop/Bachelor 3/DEV DESKTOP/Electron/app_desktop_adenan_khachnane/electron/electron.js:84:24)
    at Tray.emit (node:events:518:28)
[2025-06-04 10:30:00] [info]  Quitter l'application depuis le tray
